0 verbose cli /home/starn/.nvm/versions/node/v22.20.0/bin/node /home/starn/.nvm/versions/node/v22.20.0/bin/npm
1 info using npm@10.9.3
2 info using node@v22.20.0
3 silly config load:file:/home/starn/.nvm/versions/node/v22.20.0/lib/node_modules/npm/npmrc
4 silly config load:file:/mnt/c/Users/starn/onedrive/문서/github/way-server/.npmrc
5 silly config load:file:/home/starn/.npmrc
6 silly config load:file:/home/starn/.nvm/versions/node/v22.20.0/etc/npmrc
7 verbose title npm install sqlite3
8 verbose argv "install" "sqlite3" "--build-from-source" "--cache" "./.npm-cache"
9 verbose logfile logs-max:10 dir:/mnt/c/Users/starn/onedrive/문서/github/way-server/.npm-cache/_logs/2025-10-12T18_32_27_483Z-
10 verbose logfile /mnt/c/Users/starn/onedrive/문서/github/way-server/.npm-cache/_logs/2025-10-12T18_32_27_483Z-debug-0.log
11 silly logfile done cleaning log files
12 silly packumentCache heap:4345298944 maxSize:1086324736 maxEntrySize:543162368
13 silly idealTree buildDeps
14 silly fetch manifest sqlite3@^5.1.6
15 silly packumentCache full:https://registry.npmjs.org/sqlite3 cache-miss
16 http fetch GET https://registry.npmjs.org/sqlite3 attempt 1 failed with EAI_AGAIN
17 http fetch GET https://registry.npmjs.org/sqlite3 attempt 2 failed with EAI_AGAIN
18 http fetch GET https://registry.npmjs.org/sqlite3 attempt 3 failed with EAI_AGAIN
19 silly placeDep ROOT sqlite3@ REPLACE for: theway_server@1.0.0 want: ^5.1.6
20 verbose type system
21 verbose stack FetchError: request to https://registry.npmjs.org/sqlite3 failed, reason: getaddrinfo EAI_AGAIN registry.npmjs.org
21 verbose stack     at ClientRequest.<anonymous> (/home/starn/.nvm/versions/node/v22.20.0/lib/node_modules/npm/node_modules/minipass-fetch/lib/index.js:130:14)
21 verbose stack     at ClientRequest.emit (node:events:519:28)
21 verbose stack     at emitErrorEvent (node:_http_client:105:11)
21 verbose stack     at _destroy (node:_http_client:898:9)
21 verbose stack     at onSocketNT (node:_http_client:918:5)
21 verbose stack     at process.processTicksAndRejections (node:internal/process/task_queues:91:21)
22 error code EAI_AGAIN
23 error syscall getaddrinfo
24 error errno EAI_AGAIN
25 error request to https://registry.npmjs.org/sqlite3 failed, reason: getaddrinfo EAI_AGAIN registry.npmjs.org
26 silly unfinished npm timer reify 1760293947658
27 silly unfinished npm timer reify:loadTrees 1760293947661
28 verbose cwd /mnt/c/Users/starn/onedrive/문서/github/way-server
29 verbose os Linux 6.6.87.2-microsoft-standard-WSL2
30 verbose node v22.20.0
31 verbose npm  v10.9.3
32 verbose exit 1
33 verbose code 1
34 error A complete log of this run can be found in: /mnt/c/Users/starn/onedrive/문서/github/way-server/.npm-cache/_logs/2025-10-12T18_32_27_483Z-debug-0.log
